<?xml version="1.0" encoding="UTF-8"?>
<testng-results skipped="0" failed="2" ignored="0" total="11" passed="9">
  <reporter-output>
  </reporter-output>
  <suite name="Hub Spot Test Suite" duration-ms="142360" started-at="2019-02-13T18:32:33Z" finished-at="2019-02-13T18:34:55Z">
    <groups>
    </groups>
    <test name="hub spot regression Test" duration-ms="142360" started-at="2019-02-13T18:32:33Z" finished-at="2019-02-13T18:34:55Z">
      <class name="com.qa.hubspot.tests.ContactsPageTest">
        <test-method status="PASS" signature="setUp()[pri:0, instance:com.qa.hubspot.tests.ContactsPageTest@7a36aefa]" name="setUp" is-config="true" duration-ms="22772" started-at="2019-02-13T18:32:33Z" finished-at="2019-02-13T18:32:56Z">
          <reporter-output>
          </reporter-output>
        </test-method> <!-- setUp -->
        <test-method status="FAIL" signature="createContactsTest(java.lang.String, java.lang.String, java.lang.String, java.lang.String)[pri:0, instance:com.qa.hubspot.tests.ContactsPageTest@7a36aefa]" name="createContactsTest" duration-ms="14359" started-at="2019-02-13T18:32:56Z" data-provider="getContactsData" finished-at="2019-02-13T18:33:10Z">
          <params>
            <param index="0">
              <value>
                <![CDATA[anna@gmail.com]]>
              </value>
            </param>
            <param index="1">
              <value>
                <![CDATA[anna]]>
              </value>
            </param>
            <param index="2">
              <value>
                <![CDATA[Ln1]]>
              </value>
            </param>
            <param index="3">
              <value>
                <![CDATA[QA Manager]]>
              </value>
            </param>
          </params>
          <exception class="org.openqa.selenium.TimeoutException">
            <message>
              <![CDATA[Expected condition failed: waiting for element to be clickable: [[ChromeDriver: chrome on MAC (9b788c1216b141ea161d4d2d7d9f6e0c)] -> id: uid-ctrl-5] (tried for 10 second(s) with 500 milliseconds interval)
Build info: version: '3.141.59', revision: 'e82be7d358', time: '2018-11-14T08:17:03'
System info: host: 'Naveen-Mac.local', ip: 'fe80:0:0:0:184c:fe11:a46c:b11c%en0', os.name: 'Mac OS X', os.arch: 'x86_64', os.version: '10.13.4', java.version: '1.8.0_144'
Driver info: org.openqa.selenium.chrome.ChromeDriver
Capabilities {acceptInsecureCerts: false, acceptSslCerts: false, applicationCacheEnabled: false, browserConnectionEnabled: false, browserName: chrome, chrome: {chromedriverVersion: 2.45.615355 (d5698f682d8b27..., userDataDir: /var/folders/fd/lw5s91x96f9...}, cssSelectorsEnabled: true, databaseEnabled: false, goog:chromeOptions: {debuggerAddress: localhost:54147}, handlesAlerts: true, hasTouchScreen: false, javascriptEnabled: true, locationContextEnabled: true, mobileEmulationEnabled: false, nativeEvents: true, networkConnectionEnabled: false, pageLoadStrategy: normal, platform: MAC, platformName: MAC, proxy: Proxy(), rotatable: false, setWindowRect: true, strictFileInteractability: false, takesHeapSnapshot: true, takesScreenshot: true, timeouts: {implicit: 0, pageLoad: 300000, script: 30000}, unexpectedAlertBehaviour: ignore, unhandledPromptBehavior: ignore, version: 72.0.3626.96, webStorageEnabled: true}
Session ID: 9b788c1216b141ea161d4d2d7d9f6e0c]]>
            </message>
            <full-stacktrace>
              <![CDATA[org.openqa.selenium.TimeoutException: Expected condition failed: waiting for element to be clickable: [[ChromeDriver: chrome on MAC (9b788c1216b141ea161d4d2d7d9f6e0c)] -> id: uid-ctrl-5] (tried for 10 second(s) with 500 milliseconds interval)
Build info: version: '3.141.59', revision: 'e82be7d358', time: '2018-11-14T08:17:03'
System info: host: 'Naveen-Mac.local', ip: 'fe80:0:0:0:184c:fe11:a46c:b11c%en0', os.name: 'Mac OS X', os.arch: 'x86_64', os.version: '10.13.4', java.version: '1.8.0_144'
Driver info: org.openqa.selenium.chrome.ChromeDriver
Capabilities {acceptInsecureCerts: false, acceptSslCerts: false, applicationCacheEnabled: false, browserConnectionEnabled: false, browserName: chrome, chrome: {chromedriverVersion: 2.45.615355 (d5698f682d8b27..., userDataDir: /var/folders/fd/lw5s91x96f9...}, cssSelectorsEnabled: true, databaseEnabled: false, goog:chromeOptions: {debuggerAddress: localhost:54147}, handlesAlerts: true, hasTouchScreen: false, javascriptEnabled: true, locationContextEnabled: true, mobileEmulationEnabled: false, nativeEvents: true, networkConnectionEnabled: false, pageLoadStrategy: normal, platform: MAC, platformName: MAC, proxy: Proxy(), rotatable: false, setWindowRect: true, strictFileInteractability: false, takesHeapSnapshot: true, takesScreenshot: true, timeouts: {implicit: 0, pageLoad: 300000, script: 30000}, unexpectedAlertBehaviour: ignore, unhandledPromptBehavior: ignore, version: 72.0.3626.96, webStorageEnabled: true}
Session ID: 9b788c1216b141ea161d4d2d7d9f6e0c
at org.openqa.selenium.support.ui.WebDriverWait.timeoutException(WebDriverWait.java:95)
at org.openqa.selenium.support.ui.FluentWait.until(FluentWait.java:272)
at com.qa.hubspot.pages.ContactsPage.createNewContact(ContactsPage.java:53)
at com.qa.hubspot.tests.ContactsPageTest.createContactsTest(ContactsPageTest.java:47)
at sun.reflect.NativeMethodAccessorImpl.invoke0(Native Method)
at sun.reflect.NativeMethodAccessorImpl.invoke(NativeMethodAccessorImpl.java:62)
at sun.reflect.DelegatingMethodAccessorImpl.invoke(DelegatingMethodAccessorImpl.java:43)
at java.lang.reflect.Method.invoke(Method.java:498)
at org.testng.internal.MethodInvocationHelper.invokeMethod(MethodInvocationHelper.java:124)
at org.testng.internal.Invoker.invokeMethod(Invoker.java:583)
at org.testng.internal.Invoker.invokeTestMethod(Invoker.java:719)
at org.testng.internal.Invoker.invokeTestMethods(Invoker.java:989)
at org.testng.internal.TestMethodWorker.invokeTestMethods(TestMethodWorker.java:125)
at org.testng.internal.TestMethodWorker.run(TestMethodWorker.java:109)
at java.util.concurrent.ThreadPoolExecutor.runWorker(ThreadPoolExecutor.java:1149)
at java.util.concurrent.ThreadPoolExecutor$Worker.run(ThreadPoolExecutor.java:624)
at java.lang.Thread.run(Thread.java:748)
]]>
            </full-stacktrace>
          </exception> <!-- org.openqa.selenium.TimeoutException -->
          <reporter-output>
          </reporter-output>
        </test-method> <!-- createContactsTest -->
        <test-method status="PASS" signature="tearDown()[pri:0, instance:com.qa.hubspot.tests.ContactsPageTest@7a36aefa]" name="tearDown" is-config="true" duration-ms="135" started-at="2019-02-13T18:33:11Z" finished-at="2019-02-13T18:33:11Z">
          <reporter-output>
          </reporter-output>
        </test-method> <!-- tearDown -->
        <test-method status="PASS" signature="setUp()[pri:0, instance:com.qa.hubspot.tests.ContactsPageTest@7a36aefa]" name="setUp" is-config="true" duration-ms="18079" started-at="2019-02-13T18:33:11Z" finished-at="2019-02-13T18:33:29Z">
          <reporter-output>
          </reporter-output>
        </test-method> <!-- setUp -->
        <test-method status="PASS" signature="createContactsTest(java.lang.String, java.lang.String, java.lang.String, java.lang.String)[pri:0, instance:com.qa.hubspot.tests.ContactsPageTest@7a36aefa]" name="createContactsTest" duration-ms="7217" started-at="2019-02-13T18:33:29Z" data-provider="getContactsData" finished-at="2019-02-13T18:33:37Z">
          <params>
            <param index="0">
              <value>
                <![CDATA[bala@gmail.com]]>
              </value>
            </param>
            <param index="1">
              <value>
                <![CDATA[bala]]>
              </value>
            </param>
            <param index="2">
              <value>
                <![CDATA[Ln2]]>
              </value>
            </param>
            <param index="3">
              <value>
                <![CDATA[QA Eng]]>
              </value>
            </param>
          </params>
          <reporter-output>
          </reporter-output>
        </test-method> <!-- createContactsTest -->
        <test-method status="PASS" signature="tearDown()[pri:0, instance:com.qa.hubspot.tests.ContactsPageTest@7a36aefa]" name="tearDown" is-config="true" duration-ms="170" started-at="2019-02-13T18:33:37Z" finished-at="2019-02-13T18:33:37Z">
          <reporter-output>
          </reporter-output>
        </test-method> <!-- tearDown -->
        <test-method status="PASS" signature="setUp()[pri:0, instance:com.qa.hubspot.tests.ContactsPageTest@7a36aefa]" name="setUp" is-config="true" duration-ms="13030" started-at="2019-02-13T18:33:37Z" finished-at="2019-02-13T18:33:50Z">
          <reporter-output>
          </reporter-output>
        </test-method> <!-- setUp -->
        <test-method status="PASS" signature="createContactsTest(java.lang.String, java.lang.String, java.lang.String, java.lang.String)[pri:0, instance:com.qa.hubspot.tests.ContactsPageTest@7a36aefa]" name="createContactsTest" duration-ms="7749" started-at="2019-02-13T18:33:50Z" data-provider="getContactsData" finished-at="2019-02-13T18:33:58Z">
          <params>
            <param index="0">
              <value>
                <![CDATA[divya@gmail.com]]>
              </value>
            </param>
            <param index="1">
              <value>
                <![CDATA[divya]]>
              </value>
            </param>
            <param index="2">
              <value>
                <![CDATA[Ln3]]>
              </value>
            </param>
            <param index="3">
              <value>
                <![CDATA[QA Lead]]>
              </value>
            </param>
          </params>
          <reporter-output>
          </reporter-output>
        </test-method> <!-- createContactsTest -->
        <test-method status="PASS" signature="tearDown()[pri:0, instance:com.qa.hubspot.tests.ContactsPageTest@7a36aefa]" name="tearDown" is-config="true" duration-ms="166" started-at="2019-02-13T18:33:58Z" finished-at="2019-02-13T18:33:58Z">
          <reporter-output>
          </reporter-output>
        </test-method> <!-- tearDown -->
        <test-method status="PASS" signature="setUp()[pri:0, instance:com.qa.hubspot.tests.ContactsPageTest@7a36aefa]" name="setUp" is-config="true" duration-ms="15397" started-at="2019-02-13T18:33:58Z" finished-at="2019-02-13T18:34:13Z">
          <reporter-output>
          </reporter-output>
        </test-method> <!-- setUp -->
        <test-method status="PASS" signature="createContactsTest(java.lang.String, java.lang.String, java.lang.String, java.lang.String)[pri:0, instance:com.qa.hubspot.tests.ContactsPageTest@7a36aefa]" name="createContactsTest" duration-ms="7540" started-at="2019-02-13T18:34:13Z" data-provider="getContactsData" finished-at="2019-02-13T18:34:21Z">
          <params>
            <param index="0">
              <value>
                <![CDATA[elvira@gmail.com]]>
              </value>
            </param>
            <param index="1">
              <value>
                <![CDATA[elvira]]>
              </value>
            </param>
            <param index="2">
              <value>
                <![CDATA[Ln4]]>
              </value>
            </param>
            <param index="3">
              <value>
                <![CDATA[Eng Manager]]>
              </value>
            </param>
          </params>
          <reporter-output>
          </reporter-output>
        </test-method> <!-- createContactsTest -->
        <test-method status="PASS" signature="tearDown()[pri:0, instance:com.qa.hubspot.tests.ContactsPageTest@7a36aefa]" name="tearDown" is-config="true" duration-ms="135" started-at="2019-02-13T18:34:21Z" finished-at="2019-02-13T18:34:21Z">
          <reporter-output>
          </reporter-output>
        </test-method> <!-- tearDown -->
        <test-method status="PASS" signature="setUp()[pri:0, instance:com.qa.hubspot.tests.ContactsPageTest@7a36aefa]" name="setUp" is-config="true" duration-ms="14890" started-at="2019-02-13T18:34:21Z" finished-at="2019-02-13T18:34:36Z">
          <reporter-output>
          </reporter-output>
        </test-method> <!-- setUp -->
        <test-method status="PASS" signature="createContactsTest(java.lang.String, java.lang.String, java.lang.String, java.lang.String)[pri:0, instance:com.qa.hubspot.tests.ContactsPageTest@7a36aefa]" name="createContactsTest" duration-ms="6652" started-at="2019-02-13T18:34:36Z" data-provider="getContactsData" finished-at="2019-02-13T18:34:42Z">
          <params>
            <param index="0">
              <value>
                <![CDATA[gopal@gmail.com]]>
              </value>
            </param>
            <param index="1">
              <value>
                <![CDATA[gopal]]>
              </value>
            </param>
            <param index="2">
              <value>
                <![CDATA[Ln5]]>
              </value>
            </param>
            <param index="3">
              <value>
                <![CDATA[Director]]>
              </value>
            </param>
          </params>
          <reporter-output>
          </reporter-output>
        </test-method> <!-- createContactsTest -->
        <test-method status="PASS" signature="tearDown()[pri:0, instance:com.qa.hubspot.tests.ContactsPageTest@7a36aefa]" name="tearDown" is-config="true" duration-ms="172" started-at="2019-02-13T18:34:42Z" finished-at="2019-02-13T18:34:43Z">
          <reporter-output>
          </reporter-output>
        </test-method> <!-- tearDown -->
      </class> <!-- com.qa.hubspot.tests.ContactsPageTest -->
      <class name="com.qa.hubspot.tests.HomePageTest">
        <test-method status="PASS" signature="setUp()[pri:0, instance:com.qa.hubspot.tests.HomePageTest@5d11346a]" name="setUp" is-config="true" duration-ms="8756" started-at="2019-02-13T18:32:33Z" finished-at="2019-02-13T18:32:41Z">
          <reporter-output>
          </reporter-output>
        </test-method> <!-- setUp -->
        <test-method status="PASS" signature="setUp()[pri:0, instance:com.qa.hubspot.tests.HomePageTest@5d11346a]" name="setUp" is-config="true" duration-ms="8830" started-at="2019-02-13T18:32:33Z" finished-at="2019-02-13T18:32:42Z">
          <reporter-output>
          </reporter-output>
        </test-method> <!-- setUp -->
        <test-method status="PASS" signature="verifyHomePageHeaderTest()[pri:0, instance:com.qa.hubspot.tests.HomePageTest@5d11346a]" name="verifyHomePageHeaderTest" duration-ms="7419" started-at="2019-02-13T18:32:41Z" finished-at="2019-02-13T18:32:49Z">
          <reporter-output>
          </reporter-output>
        </test-method> <!-- verifyHomePageHeaderTest -->
        <test-method status="PASS" signature="verifyHomePageTitleTest()[pri:0, instance:com.qa.hubspot.tests.HomePageTest@5d11346a]" name="verifyHomePageTitleTest" duration-ms="5183" started-at="2019-02-13T18:32:42Z" finished-at="2019-02-13T18:32:47Z">
          <reporter-output>
          </reporter-output>
        </test-method> <!-- verifyHomePageTitleTest -->
        <test-method status="PASS" signature="tearDown()[pri:0, instance:com.qa.hubspot.tests.HomePageTest@5d11346a]" name="tearDown" is-config="true" duration-ms="112" started-at="2019-02-13T18:32:47Z" finished-at="2019-02-13T18:32:47Z">
          <reporter-output>
          </reporter-output>
        </test-method> <!-- tearDown -->
        <test-method status="PASS" signature="tearDown()[pri:0, instance:com.qa.hubspot.tests.HomePageTest@5d11346a]" name="tearDown" is-config="true" duration-ms="126" started-at="2019-02-13T18:32:49Z" finished-at="2019-02-13T18:32:49Z">
          <reporter-output>
          </reporter-output>
        </test-method> <!-- tearDown -->
      </class> <!-- com.qa.hubspot.tests.HomePageTest -->
      <class name="com.qa.hubspot.tests.LoginTest">
        <test-method status="PASS" signature="setUp()[pri:0, instance:com.qa.hubspot.tests.LoginTest@2fd66ad3]" name="setUp" is-config="true" duration-ms="7677" started-at="2019-02-13T18:32:33Z" finished-at="2019-02-13T18:32:40Z">
          <reporter-output>
          </reporter-output>
        </test-method> <!-- setUp -->
        <test-method status="FAIL" signature="login_IncorrectData()[pri:0, instance:com.qa.hubspot.tests.LoginTest@2fd66ad3]" name="login_IncorrectData" duration-ms="1834" started-at="2019-02-13T18:32:40Z" finished-at="2019-02-13T18:32:42Z">
          <exception class="java.lang.AssertionError">
            <message>
              <![CDATA[expected [true] but found [false]]]>
            </message>
            <full-stacktrace>
              <![CDATA[java.lang.AssertionError: expected [true] but found [false]
at org.testng.Assert.fail(Assert.java:96)
at org.testng.Assert.failNotEquals(Assert.java:776)
at org.testng.Assert.assertTrue(Assert.java:44)
at org.testng.Assert.assertTrue(Assert.java:54)
at com.qa.hubspot.tests.LoginTest.login_IncorrectData(LoginTest.java:55)
at sun.reflect.NativeMethodAccessorImpl.invoke0(Native Method)
at sun.reflect.NativeMethodAccessorImpl.invoke(NativeMethodAccessorImpl.java:62)
at sun.reflect.DelegatingMethodAccessorImpl.invoke(DelegatingMethodAccessorImpl.java:43)
at java.lang.reflect.Method.invoke(Method.java:498)
at org.testng.internal.MethodInvocationHelper.invokeMethod(MethodInvocationHelper.java:124)
at org.testng.internal.Invoker.invokeMethod(Invoker.java:583)
at org.testng.internal.Invoker.invokeTestMethod(Invoker.java:719)
at org.testng.internal.Invoker.invokeTestMethods(Invoker.java:989)
at org.testng.internal.TestMethodWorker.invokeTestMethods(TestMethodWorker.java:125)
at org.testng.internal.TestMethodWorker.run(TestMethodWorker.java:109)
at java.util.concurrent.ThreadPoolExecutor.runWorker(ThreadPoolExecutor.java:1149)
at java.util.concurrent.ThreadPoolExecutor$Worker.run(ThreadPoolExecutor.java:624)
at java.lang.Thread.run(Thread.java:748)
]]>
            </full-stacktrace>
          </exception> <!-- java.lang.AssertionError -->
          <reporter-output>
          </reporter-output>
        </test-method> <!-- login_IncorrectData -->
        <test-method status="PASS" signature="tearDown()[pri:0, instance:com.qa.hubspot.tests.LoginTest@2fd66ad3]" name="tearDown" is-config="true" duration-ms="113" started-at="2019-02-13T18:32:43Z" finished-at="2019-02-13T18:32:43Z">
          <reporter-output>
          </reporter-output>
        </test-method> <!-- tearDown -->
        <test-method status="PASS" signature="setUp()[pri:0, instance:com.qa.hubspot.tests.LoginTest@2fd66ad3]" name="setUp" is-config="true" duration-ms="3683" started-at="2019-02-13T18:34:43Z" finished-at="2019-02-13T18:34:46Z">
          <reporter-output>
          </reporter-output>
        </test-method> <!-- setUp -->
        <test-method status="PASS" signature="loginPageTitleTest()[pri:1, instance:com.qa.hubspot.tests.LoginTest@2fd66ad3]" name="loginPageTitleTest" duration-ms="4" started-at="2019-02-13T18:34:46Z" finished-at="2019-02-13T18:34:46Z">
          <reporter-output>
          </reporter-output>
        </test-method> <!-- loginPageTitleTest -->
        <test-method status="PASS" signature="tearDown()[pri:0, instance:com.qa.hubspot.tests.LoginTest@2fd66ad3]" name="tearDown" is-config="true" duration-ms="99" started-at="2019-02-13T18:34:46Z" finished-at="2019-02-13T18:34:46Z">
          <reporter-output>
          </reporter-output>
        </test-method> <!-- tearDown -->
        <test-method status="PASS" signature="setUp()[pri:0, instance:com.qa.hubspot.tests.LoginTest@2fd66ad3]" name="setUp" is-config="true" duration-ms="3617" started-at="2019-02-13T18:34:46Z" finished-at="2019-02-13T18:34:50Z">
          <reporter-output>
          </reporter-output>
        </test-method> <!-- setUp -->
        <test-method status="PASS" signature="forgotPwdLinkTest()[pri:2, instance:com.qa.hubspot.tests.LoginTest@2fd66ad3]" name="forgotPwdLinkTest" duration-ms="27" started-at="2019-02-13T18:34:50Z" finished-at="2019-02-13T18:34:50Z">
          <reporter-output>
          </reporter-output>
        </test-method> <!-- forgotPwdLinkTest -->
        <test-method status="PASS" signature="tearDown()[pri:0, instance:com.qa.hubspot.tests.LoginTest@2fd66ad3]" name="tearDown" is-config="true" duration-ms="89" started-at="2019-02-13T18:34:50Z" finished-at="2019-02-13T18:34:50Z">
          <reporter-output>
          </reporter-output>
        </test-method> <!-- tearDown -->
        <test-method status="PASS" signature="setUp()[pri:0, instance:com.qa.hubspot.tests.LoginTest@2fd66ad3]" name="setUp" is-config="true" duration-ms="4360" started-at="2019-02-13T18:34:50Z" finished-at="2019-02-13T18:34:54Z">
          <reporter-output>
          </reporter-output>
        </test-method> <!-- setUp -->
        <test-method status="PASS" signature="login_CorrectData_Test()[pri:3, instance:com.qa.hubspot.tests.LoginTest@2fd66ad3]" name="login_CorrectData_Test" duration-ms="457" started-at="2019-02-13T18:34:54Z" finished-at="2019-02-13T18:34:55Z">
          <reporter-output>
          </reporter-output>
        </test-method> <!-- login_CorrectData_Test -->
        <test-method status="PASS" signature="tearDown()[pri:0, instance:com.qa.hubspot.tests.LoginTest@2fd66ad3]" name="tearDown" is-config="true" duration-ms="89" started-at="2019-02-13T18:34:55Z" finished-at="2019-02-13T18:34:55Z">
          <reporter-output>
          </reporter-output>
        </test-method> <!-- tearDown -->
      </class> <!-- com.qa.hubspot.tests.LoginTest -->
    </test> <!-- hub spot regression Test -->
  </suite> <!-- Hub Spot Test Suite -->
</testng-results>
